<?xml version="1.0" encoding="UTF-8"?>
<!-- Generated by org.testng.reporters.JUnitReportReporter -->
<testsuite hostname="FX505" failures="0" tests="2" name="testing.Testdp" time="8.819" errors="0" timestamp="2021-12-06T19:40:08 EST" skipped="0">
  <testcase classname="testing.Testdp" name="f" time="4.392"/>
  <system-out/>
  <testcase classname="testing.Testdp" name="f" time="4.427"/>
  <system-out/>
</testsuite> <!-- testing.Testdp -->
