<?xml version="1.0" encoding="UTF-8"?>
<!-- Generated by org.testng.reporters.JUnitReportReporter -->
<testsuite hostname="FX505" failures="0" tests="1" name="testing.Testproperties" time="0.963" errors="0" timestamp="2021-12-06T19:40:49 EST" skipped="0">
  <testcase classname="testing.Testproperties" name="f" time="0.963"/>
  <system-out/>
</testsuite> <!-- testing.Testproperties -->
