<?xml version="1.0" encoding="UTF-8"?>
<!-- Generated by org.testng.reporters.JUnitReportReporter -->
<testsuite hostname="FX505" failures="0" tests="1" name="testing.NewTest" time="1.034" errors="0" timestamp="2021-12-07T01:34:01 EST" skipped="0">
  <testcase classname="testing.NewTest" name="f1" time="1.034"/>
  <system-out/>
</testsuite> <!-- testing.NewTest -->
